[handleMsg]:  {
  key: {
    remoteJid: '593939165719@s.whatsapp.net',
    fromMe: false,
    id: '3AAF84184EC0EA20C1F7',
    participant: undefined
  },
  messageTimestamp: 1675807111,
  pushName: 'Derian',
  message: Message {
    conversation: 'Hola',
    messageContextInfo: MessageContextInfo {
      deviceListMetadata: [DeviceListMetadata],
      deviceListMetadataVersion: 2
    }
  },
  body: 'Hola',
  from: '593939165719'
}
[handleMsg]:  {
  key: {
    remoteJid: '593939165719@s.whatsapp.net',
    fromMe: false,
    id: '3A56E24D261A85513DA0',
    participant: undefined
  },
  messageTimestamp: 1675807126,
  pushName: 'Derian',
  message: Message {
    conversation: 'Página',
    messageContextInfo: MessageContextInfo {
      deviceListMetadata: [DeviceListMetadata],
      deviceListMetadataVersion: 2
    }
  },
  body: 'Página',
  from: '593939165719'
}
[handleMsg]:  {
  key: {
    remoteJid: '593939165719@s.whatsapp.net',
    fromMe: false,
    id: '3A5CECDA6FAB1B08B995',
    participant: undefined
  },
  messageTimestamp: 1675807140,
  pushName: 'Derian',
  message: Message {
    conversation: 'Pagina',
    messageContextInfo: MessageContextInfo {
      deviceListMetadata: [DeviceListMetadata],
      deviceListMetadataVersion: 2
    }
  },
  body: 'Pagina',
  from: '593939165719'
}
[handleMsg]:  {
  key: {
    remoteJid: '593939165719@s.whatsapp.net',
    fromMe: false,
    id: '3AF949B5052F8172CD2C',
    participant: undefined
  },
  messageTimestamp: 1675807163,
  pushName: 'Derian',
  message: Message {
    conversation: 'Hola',
    messageContextInfo: MessageContextInfo {
      deviceListMetadata: [DeviceListMetadata],
      deviceListMetadataVersion: 2
    }
  },
  body: 'Hola',
  from: '593939165719'
}
[handleMsg]:  {
  key: {
    remoteJid: '593939165719@s.whatsapp.net',
    fromMe: false,
    id: '3AB29F7AB7B85BEB3811',
    participant: undefined
  },
  messageTimestamp: 1675807185,
  pushName: 'Derian',
  message: Message {
    conversation: 'Pagina',
    messageContextInfo: MessageContextInfo {
      deviceListMetadata: [DeviceListMetadata],
      deviceListMetadataVersion: 2
    }
  },
  body: 'Pagina',
  from: '593939165719'
}
[handleMsg]:  {
  key: {
    remoteJid: '593939165719@s.whatsapp.net',
    fromMe: false,
    id: '3AD65E9071B2198F02BA',
    participant: undefined
  },
  messageTimestamp: 1675807277,
  pushName: 'Derian',
  message: Message {
    conversation: '2',
    messageContextInfo: MessageContextInfo {
      deviceListMetadata: [DeviceListMetadata],
      deviceListMetadataVersion: 2
    }
  },
  body: '2',
  from: '593939165719'
}
